TN:
SF:src/Core/HardPeg.sol
DA:56,14
FN:56,HardPeg.deposit
FNDA:14,HardPeg.deposit
DA:57,14
BRDA:57,0,0,-
BRDA:57,0,1,14
DA:58,14
BRDA:58,1,0,2
BRDA:58,1,1,10
DA:60,2
BRDA:60,2,0,1
BRDA:60,2,1,1
DA:61,1
DA:64,12
BRDA:64,3,0,1
BRDA:64,3,1,11
DA:65,11
BRDA:65,4,0,1
BRDA:65,4,1,10
DA:66,10
DA:68,11
DA:69,11
DA:70,11
DA:71,11
DA:78,4
FN:78,HardPeg.mint
FNDA:4,HardPeg.mint
DA:79,4
DA:80,4
DA:81,4
DA:82,1
BRDA:82,5,0,1
DA:84,4
DA:86,4
DA:87,3
DA:88,3
DA:92,2
FN:92,HardPeg.redeam
FNDA:2,HardPeg.redeam
DA:93,2
DA:94,2
BRDA:94,6,0,1
BRDA:94,6,1,1
DA:95,1
DA:96,1
DA:97,1
DA:98,1
DA:104,4
FN:104,HardPeg.withdrawCollateral
FNDA:4,HardPeg.withdrawCollateral
DA:105,4
DA:106,4
DA:107,1
BRDA:107,7,0,1
DA:108,4
DA:109,3
DA:113,4
FN:113,HardPeg.getTotalPool
FNDA:4,HardPeg.getTotalPool
DA:114,4
DA:117,3
FN:117,HardPeg.getGlobalPool
FNDA:3,HardPeg.getGlobalPool
DA:118,3
DA:121,0
FN:121,HardPeg.getTotalSupply
FNDA:0,HardPeg.getTotalSupply
DA:122,0
DA:126,9
FN:126,HardPeg.getVaultBalance
FNDA:9,HardPeg.getVaultBalance
DA:127,9
DA:134,4
FN:134,HardPeg._sendCollateralBasket
FNDA:4,HardPeg._sendCollateralBasket
DA:135,4
DA:136,4
DA:137,4
DA:139,4
DA:140,8
DA:141,8
DA:142,8
DA:143,8
DA:144,8
DA:145,8
DA:149,4
FNF:9
FNH:8
LF:54
LH:52
BRF:14
BRH:13
end_of_record
TN:
SF:src/Core/shared/AccessManager.sol
DA:79,56
FN:79,AccessManager.constructor
FNDA:56,AccessManager.constructor
DA:80,56
DA:81,56
DA:82,56
DA:88,2
FN:88,AccessManager.onlyRole
FNDA:2,AccessManager.onlyRole
DA:89,2
BRDA:89,0,0,1
BRDA:89,0,1,1
DA:96,3
FN:96,AccessManager.onlyOwner
FNDA:3,AccessManager.onlyOwner
DA:97,3
BRDA:97,1,0,1
BRDA:97,1,1,1
DA:106,3
FN:106,AccessManager.onlyTimeLock
FNDA:3,AccessManager.onlyTimeLock
DA:107,3
BRDA:107,2,0,2
BRDA:107,2,1,113
DA:116,3
FN:116,AccessManager.hasRole
FNDA:3,AccessManager.hasRole
DA:117,3
DA:124,4
FN:124,AccessManager.grantRole
FNDA:4,AccessManager.grantRole
DA:125,3
DA:132,3
FN:132,AccessManager.revokeRole
FNDA:3,AccessManager.revokeRole
DA:133,2
FNF:7
FNH:7
LF:16
LH:16
BRF:6
BRH:6
end_of_record
TN:
SF:src/Core/shared/AppManager.sol
DA:75,37
FN:75,AppManager.newInstance
FNDA:37,AppManager.newInstance
DA:76,37
DA:77,37
DA:79,37
DA:88,37
DA:89,37
DA:90,37
BRDA:90,0,0,-
BRDA:90,0,1,37
DA:91,37
DA:92,70
DA:93,70
BRDA:93,1,0,4
DA:94,66
DA:96,37
BRDA:96,2,0,3
BRDA:96,2,1,34
DA:98,34
DA:104,34
DA:106,34
DA:113,2
FN:113,AppManager.addUsers
FNDA:2,AppManager.addUsers
DA:114,2
DA:115,2
BRDA:115,3,0,1
BRDA:115,3,1,1
DA:117,1
DA:124,7
FN:124,AppManager.addAppCollateral
FNDA:7,AppManager.addAppCollateral
DA:125,7
DA:126,7
BRDA:126,4,0,1
BRDA:126,4,1,6
DA:128,6
DA:129,6
BRDA:129,5,0,3
BRDA:129,5,1,3
DA:130,3
DA:137,2
FN:137,AppManager.removeAppCollateral
FNDA:2,AppManager.removeAppCollateral
DA:138,2
DA:139,2
BRDA:139,6,0,-
BRDA:139,6,1,2
DA:141,2
DA:142,2
BRDA:142,7,0,-
BRDA:142,7,1,2
DA:143,2
DA:144,2
BRDA:144,8,0,1
BRDA:144,8,1,1
DA:150,20
FN:150,AppManager._isAppCollateralAllowed
FNDA:20,AppManager._isAppCollateralAllowed
DA:151,20
DA:152,20
DA:158,8
FN:158,AppManager._mintAppToken
FNDA:8,AppManager._mintAppToken
DA:159,8
DA:165,3
FN:165,AppManager._burnAppToken
FNDA:3,AppManager._burnAppToken
DA:166,3
DA:172,1
FN:172,AppManager._transferFromAppTokenPermit
FNDA:1,AppManager._transferFromAppTokenPermit
DA:173,1
DA:179,4
FN:179,AppManager._getStablecoinID
FNDA:4,AppManager._getStablecoinID
DA:180,4
DA:181,4
BRDA:181,9,0,1
BRDA:181,9,1,3
DA:187,3
FN:187,AppManager._getAppConfig
FNDA:3,AppManager._getAppConfig
DA:188,3
DA:194,12
FN:194,AppManager.getAppCoin
FNDA:12,AppManager.getAppCoin
DA:195,12
FNF:11
FNH:11
LF:48
LH:48
BRF:19
BRH:16
end_of_record
TN:
SF:src/Core/shared/CollateralManager.sol
DA:81,48
FN:81,CollateralManager.constructor
FNDA:48,CollateralManager.constructor
DA:82,48
BRDA:82,0,0,41
BRDA:82,0,1,1
DA:83,41
DA:85,7
BRDA:85,1,0,6
BRDA:85,1,1,1
DA:86,6
DA:87,6
DA:90,1
DA:91,1
DA:104,113
FN:104,CollateralManager.updateGlobalCollateral
FNDA:113,CollateralManager.updateGlobalCollateral
DA:105,112
BRDA:105,2,0,4
BRDA:105,2,1,108
DA:106,108
DA:108,108
BRDA:108,3,0,107
DA:109,107
DA:110,107
DA:111,107
DA:112,107
DA:113,107
DA:114,107
DA:116,108
DA:117,108
DA:118,108
DA:119,108
DA:120,108
DA:127,1
FN:127,CollateralManager.removeGlobalCollateral
FNDA:1,CollateralManager.removeGlobalCollateral
DA:136,1
FN:136,CollateralManager.pauseGlobalCollateral
FNDA:1,CollateralManager.pauseGlobalCollateral
DA:137,1
DA:143,1
FN:143,CollateralManager.unpauseGlobalCollateral
FNDA:1,CollateralManager.unpauseGlobalCollateral
DA:144,1
DA:153,2
FN:153,CollateralManager._isGlobalCollateralAllowed
FNDA:2,CollateralManager._isGlobalCollateralAllowed
DA:154,2
DA:160,0
FN:160,CollateralManager._getGlobalCollateralID
FNDA:0,CollateralManager._getGlobalCollateralID
DA:161,0
FNF:7
FNH:6
LF:32
LH:30
BRF:7
BRH:7
end_of_record
TN:
SF:src/Core/shared/Oracle.sol
DA:50,260
FN:50,Oracle.getPrice
FNDA:260,Oracle.getPrice
DA:51,260
DA:52,259
DA:61,0
FN:61,Oracle.getPriceWithStatus
FNDA:0,Oracle.getPriceWithStatus
DA:66,0
DA:67,0
BRDA:67,0,0,-
DA:68,0
DA:71,0
BRDA:71,1,0,-
DA:79,0
BRDA:79,2,0,-
DA:80,0
BRDA:80,3,0,-
DA:81,0
BRDA:81,4,0,-
DA:82,0
BRDA:82,5,0,-
DA:84,0
DA:85,0
BRDA:85,1,1,-
DA:86,0
DA:99,260
FN:99,Oracle._getPrimaryFeed
FNDA:260,Oracle._getPrimaryFeed
DA:100,260
DA:101,260
BRDA:101,6,0,1
DA:102,1
DA:104,259
DA:110,260
FN:110,Oracle._getFeed
FNDA:260,Oracle._getFeed
DA:111,260
DA:112,260
BRDA:112,7,0,1
DA:113,1
DA:122,259
FN:122,Oracle._fetchPrice
FNDA:259,Oracle._fetchPrice
DA:123,259
DA:129,259
DA:132,259
BRDA:132,8,0,1
DA:133,1
DA:137,258
BRDA:137,9,0,1
DA:138,1
DA:142,257
BRDA:142,10,0,-
DA:143,0
DA:147,257
FNF:5
FNH:4
LF:34
LH:21
BRF:12
BRH:4
end_of_record
TN:
SF:src/PrivateCoin.sol
DA:55,281
FN:55,PrivateCoin.constructor
FNDA:281,PrivateCoin.constructor
DA:63,281
DA:64,238
DA:65,238
DA:66,238
DA:67,238
DA:68,238
DA:69,238
DA:70,0
BRDA:70,0,0,-
DA:76,106
FN:76,PrivateCoin.onlyEngine
FNDA:106,PrivateCoin.onlyEngine
DA:77,106
BRDA:77,1,0,1
BRDA:77,1,1,78
DA:88,79
FN:88,PrivateCoin.mint
FNDA:79,PrivateCoin.mint
DA:89,78
DA:90,70
DA:91,68
DA:98,25
FN:98,PrivateCoin.burn
FNDA:25,PrivateCoin.burn
DA:99,24
DA:109,13
FN:109,PrivateCoin.transfer
FNDA:13,PrivateCoin.transfer
DA:110,13
DA:111,9
DA:124,15
FN:124,PrivateCoin.transferFrom
FNDA:15,PrivateCoin.transferFrom
DA:125,15
DA:126,11
DA:140,106
FN:140,PrivateCoin.addUsers
FNDA:106,PrivateCoin.addUsers
DA:141,105
DA:142,105
DA:143,105
BRDA:143,2,1,1
DA:144,1
BRDA:144,2,0,1
DA:145,104
BRDA:145,3,1,1
DA:146,2
BRDA:146,3,0,2
DA:147,102
DA:148,1
BRDA:148,4,0,1
DA:151,343
FN:151,PrivateCoin._grantPermission
FNDA:343,PrivateCoin._grantPermission
DA:152,343
DA:153,343
DA:154,343
BRDA:154,5,0,3
DA:155,3
DA:156,3
DA:159,343
DA:160,347
DA:164,105
FN:164,PrivateCoin._revokePermission
FNDA:105,PrivateCoin._revokePermission
DA:165,105
DA:166,105
DA:167,105
BRDA:167,6,0,2
DA:168,2
DA:169,2
DA:172,105
DA:173,101
DA:177,176
FN:177,PrivateCoin._needsPermission
FNDA:176,PrivateCoin._needsPermission
DA:178,176
BRDA:178,7,0,18
BRDA:178,7,1,158
FNF:10
FNH:10
LF:50
LH:49
BRF:12
BRH:11
end_of_record
TN:
SF:src/utils/ActionsLib.sol
DA:29,2
FN:29,Actions.getGroupActions
FNDA:2,Actions.getGroupActions
DA:34,1
BRDA:34,0,0,1
DA:35,1
BRDA:35,1,0,1
DA:36,1
BRDA:36,2,0,1
DA:49,607
FN:49,Actions.allowed
FNDA:607,Actions.allowed
DA:50,607
DA:51,511
DA:53,101
BRDA:53,3,0,101
BRDA:53,4,0,25
BRDA:53,4,1,76
DA:54,414
BRDA:54,5,0,49
BRDA:54,5,1,365
DA:55,365
BRDA:55,6,0,19
BRDA:55,6,1,346
DA:64,1120
FN:64,Actions.transferMustHold
FNDA:1120,Actions.transferMustHold
DA:65,1120
DA:67,444
BRDA:67,7,0,444
BRDA:67,8,0,169
BRDA:67,8,1,275
FNF:3
FNH:3
LF:13
LH:13
BRF:13
BRH:13
end_of_record
TN:
SF:src/utils/RiskEngineLib.sol
DA:24,0
FN:24,RiskEngine._sendToken
FNDA:0,RiskEngine._sendToken
DA:25,0
BRDA:25,0,0,-
BRDA:25,0,1,-
DA:27,0
BRDA:27,1,0,-
BRDA:27,1,1,-
DA:29,0
DA:30,0
BRDA:30,2,0,-
BRDA:30,2,1,-
DA:33,0
FNF:1
FNH:0
LF:6
LH:0
BRF:6
BRH:0
end_of_record
TN:
SF:test/mocks/MockOracle.sol
DA:19,5
FN:19,MockAggregator.constructor
FNDA:5,MockAggregator.constructor
DA:20,5
DA:21,5
DA:22,5
DA:23,5
DA:31,259
FN:31,MockAggregator.setPrice
FNDA:259,MockAggregator.setPrice
DA:32,259
DA:33,259
DA:34,259
DA:35,259
DA:39,0
FN:39,MockAggregator.setPriceWithTimestamp
FNDA:0,MockAggregator.setPriceWithTimestamp
DA:40,0
DA:41,0
DA:42,0
DA:43,0
DA:47,0
FN:47,MockAggregator.setIncompleteRound
FNDA:0,MockAggregator.setIncompleteRound
DA:48,0
DA:49,0
DA:50,0
DA:51,0
DA:58,259
FN:58,MockAggregator.latestRoundData
FNDA:259,MockAggregator.latestRoundData
DA:70,259
DA:73,0
FN:73,MockAggregator.decimals
FNDA:0,MockAggregator.decimals
DA:74,0
DA:77,0
FN:77,MockAggregator.description
FNDA:0,MockAggregator.description
DA:78,0
FNF:7
FNH:3
LF:26
LH:12
BRF:0
BRH:0
end_of_record
TN:
SF:test/mocks/MockRandomOracle.sol
DA:13,0
FN:13,MockOracle.constructor
FNDA:0,MockOracle.constructor
DA:18,0
DA:19,0
DA:20,0
DA:27,0
FN:27,MockOracle.update
FNDA:0,MockOracle.update
DA:28,0
BRDA:28,0,0,-
BRDA:28,0,1,-
DA:30,0
DA:33,0
DA:36,0
DA:38,0
DA:39,0
BRDA:39,1,0,-
BRDA:39,1,1,-
DA:41,0
DA:42,0
DA:45,0
FN:45,MockOracle.priceView
FNDA:0,MockOracle.priceView
DA:46,0
DA:53,0
FN:53,MockOracle.setPrice
FNDA:0,MockOracle.setPrice
DA:54,0
DA:55,0
DA:58,0
FN:58,MockOracle.setVolatility
FNDA:0,MockOracle.setVolatility
DA:59,0
DA:62,0
FN:62,MockOracle.freeze
FNDA:0,MockOracle.freeze
DA:63,0
DA:66,0
FN:66,MockOracle.setSeed
FNDA:0,MockOracle.setSeed
DA:67,0
DA:74,0
FN:74,MockOracle._rand
FNDA:0,MockOracle._rand
DA:76,0
DA:85,0
FNF:8
FNH:0
LF:27
LH:0
BRF:4
BRH:0
end_of_record
TN:
SF:test/mocks/MockToken.sol
DA:10,110
FN:10,MockToken.constructor
FNDA:110,MockToken.constructor
DA:11,110
DA:14,190
FN:14,MockToken.decimals
FNDA:190,MockToken.decimals
DA:15,190
FNF:2
FNH:2
LF:4
LH:4
BRF:0
BRH:0
end_of_record
TN:
SF:test/unit/AccessManagerTest.t.sol
DA:12,2
FN:12,AccessHarness.onlyOwnerFn
FNDA:2,AccessHarness.onlyOwnerFn
DA:16,2
FN:16,AccessHarness.onlyTimelockFn
FNDA:2,AccessHarness.onlyTimelockFn
DA:20,2
FN:20,AccessHarness.onlyRoleFn
FNDA:2,AccessHarness.onlyRoleFn
FNF:3
FNH:3
LF:3
LH:3
BRF:0
BRH:0
end_of_record
TN:
SF:test/unit/ActionsLibTest.t.sol
DA:10,2
FN:10,BootstrapActions.getGroupActions
FNDA:2,BootstrapActions.getGroupActions
DA:15,2
DA:17,326
FN:17,BootstrapActions.allowed
FNDA:326,BootstrapActions.allowed
DA:18,326
DA:21,2
FN:21,BootstrapActions.transferMustHold
FNDA:2,BootstrapActions.transferMustHold
DA:22,2
FNF:3
FNH:3
LF:6
LH:6
BRF:0
BRH:0
end_of_record
TN:
SF:test/unit/AppManagerTest.t.sol
DA:13,21
FN:13,AppManagerHarness.constructor
FNDA:21,AppManagerHarness.constructor
DA:16,21
DA:17,21
DA:20,6
FN:20,AppManagerHarness.exposed_isAllowed
FNDA:6,AppManagerHarness.exposed_isAllowed
DA:21,6
DA:24,5
FN:24,AppManagerHarness.exposed_mint
FNDA:5,AppManagerHarness.exposed_mint
DA:25,5
DA:28,2
FN:28,AppManagerHarness.exposed_burn
FNDA:2,AppManagerHarness.exposed_burn
DA:29,2
DA:32,1
FN:32,AppManagerHarness.exposed_transfer
FNDA:1,AppManagerHarness.exposed_transfer
DA:33,1
DA:36,2
FN:36,AppManagerHarness.exposed_getStablecoinID
FNDA:2,AppManagerHarness.exposed_getStablecoinID
DA:37,2
DA:40,3
FN:40,AppManagerHarness.exposed_getAppConfig
FNDA:3,AppManagerHarness.exposed_getAppConfig
DA:41,3
FNF:7
FNH:7
LF:15
LH:15
BRF:0
BRH:0
end_of_record
TN:
SF:test/unit/CollateralManagerTest.t.sol
DA:15,4
FN:15,CollateralHarness.getCollateral
FNDA:4,CollateralHarness.getCollateral
DA:20,4
DA:23,2
FN:23,CollateralHarness.isAllowed
FNDA:2,CollateralHarness.isAllowed
DA:24,2
FNF:2
FNH:2
LF:4
LH:4
BRF:0
BRH:0
end_of_record
TN:
SF:test/utils/BaseEconomicTest.t.sol
DA:35,14
FN:35,BaseEconomicTest._deployPeg
FNDA:14,BaseEconomicTest._deployPeg
DA:36,14
DA:37,14
DA:40,14
FN:40,BaseEconomicTest.setUpBase
FNDA:14,BaseEconomicTest.setUpBase
DA:41,14
DA:44,14
DA:45,28
DA:46,28
DA:47,28
DA:48,28
DA:50,14
DA:53,14
DA:54,14
DA:55,14
DA:56,28
DA:57,28
DA:58,28
DA:60,14
DA:63,14
DA:64,14
DA:65,14
DA:66,14
DA:67,14
DA:68,14
DA:70,14
DA:74,93
FN:74,BaseEconomicTest._raw
FNDA:93,BaseEconomicTest._raw
DA:75,93
DA:77,93
BRDA:77,0,0,8
BRDA:77,0,1,85
DA:78,85
DA:80,93
DA:81,93
DA:84,0
FN:84,BaseEconomicTest._val
FNDA:0,BaseEconomicTest._val
DA:85,0
DA:87,0
BRDA:87,1,0,-
BRDA:87,1,1,-
DA:88,0
DA:89,0
DA:90,0
DA:93,28
FN:93,BaseEconomicTest._addGlobalCollateral.0
FNDA:28,BaseEconomicTest._addGlobalCollateral.0
DA:94,28
DA:95,28
DA:96,28
DA:97,28
DA:100,2
FN:100,BaseEconomicTest._addGlobalCollateral.1
FNDA:2,BaseEconomicTest._addGlobalCollateral.1
DA:101,2
DA:102,2
DA:103,2
DA:106,2
FN:106,BaseEconomicTest._addNewToken
FNDA:2,BaseEconomicTest._addNewToken
DA:107,2
DA:108,2
BRDA:108,2,0,2
DA:109,2
BRDA:109,2,1,2
DA:111,2
DA:112,2
DA:113,2
DA:117,28
FN:117,BaseEconomicTest._mintTokenTo.0
FNDA:28,BaseEconomicTest._mintTokenTo.0
DA:118,28
DA:119,28
DA:120,56
DA:121,56
DA:122,56
DA:123,56
DA:127,11
FN:127,BaseEconomicTest._mintTokenTo.1
FNDA:11,BaseEconomicTest._mintTokenTo.1
DA:128,11
DA:129,11
DA:130,11
DA:131,11
DA:134,14
FN:134,BaseEconomicTest._addApp
FNDA:14,BaseEconomicTest._addApp
DA:135,14
DA:136,14
DA:137,28
DA:139,14
DA:140,14
DA:141,14
DA:142,14
DA:150,0
FN:150,BaseEconomicTest._assertConservation
FNDA:0,BaseEconomicTest._assertConservation
DA:151,0
DA:152,0
DA:153,0
DA:155,0
DA:157,0
DA:158,0
DA:159,0
DA:161,0
DA:165,0
FN:165,BaseEconomicTest._assertSolvency
FNDA:0,BaseEconomicTest._assertSolvency
DA:166,0
FNF:12
FNH:9
LF:84
LH:67
BRF:6
BRH:4
end_of_record
TN:
SF:test/utils/CoreLib.t.sol
DA:28,20
FN:28,Core._newAppInstanceInput.0
FNDA:20,Core._newAppInstanceInput.0
DA:29,20
DA:39,14
FN:39,Core._newAppInstanceInput.1
FNDA:14,Core._newAppInstanceInput.1
DA:40,14
DA:50,82
FN:50,Core._newToken
FNDA:82,Core._newToken
DA:51,82
DA:52,82
DA:55,108
FN:55,Core._collateralInput.0
FNDA:108,Core._collateralInput.0
DA:60,108
DA:70,0
FN:70,Core._collateralInput.1
FNDA:0,Core._collateralInput.1
DA:74,0
DA:84,5
FN:84,Core._collateralInputWithFeed
FNDA:5,Core._collateralInputWithFeed
DA:89,5
DA:90,5
DA:91,5
DA:101,13
FN:101,Core.getDigest
FNDA:13,Core.getDigest
DA:108,13
FNF:7
FNH:6
LF:17
LH:15
BRF:0
BRH:0
end_of_record
